mongoose.js :: [[31merror[39m] [2021-05-10 18:46:17] :: Could not connect to any servers in your MongoDB Atlas cluster. One common reason is that you're trying to access the database from an IP that isn't whitelisted. Make sure your current IP address is on your Atlas cluster's IP whitelist: https://docs.atlas.mongodb.com/security-whitelist/
mongoose.js :: [[31merror[39m] [2021-05-10 18:48:47] :: Could not connect to any servers in your MongoDB Atlas cluster. One common reason is that you're trying to access the database from an IP that isn't whitelisted. Make sure your current IP address is on your Atlas cluster's IP whitelist: https://docs.atlas.mongodb.com/security-whitelist/
mongoose.js :: [[31merror[39m] [2021-05-10 19:06:39] :: Could not connect to any servers in your MongoDB Atlas cluster. One common reason is that you're trying to access the database from an IP that isn't whitelisted. Make sure your current IP address is on your Atlas cluster's IP whitelist: https://docs.atlas.mongodb.com/security-whitelist/
Routes : user.controller.js :: [[31merror[39m] [2021-05-10 20:01:08] :: Error while saving a user
Routes : user.controller.js :: [[31merror[39m] [2021-05-10 20:01:08] :: E11000 duplicate key error collection: whatsappDB.users index: email_1 dup key: { email: "atulgairola08@gmail.com" }
Routes : user.controller.js :: [[31merror[39m] [2021-05-10 20:02:30] :: Error while saving a user
Routes : user.controller.js :: [[31merror[39m] [2021-05-10 20:02:30] :: E11000 duplicate key error collection: whatsappDB.users index: email_1 dup key: { email: "atulgairola08@gmail.com" }
mongoose.js :: [[31merror[39m] [2021-05-10 20:12:22] :: Error connecting to the DB
 querySrv ETIMEOUT _mongodb._tcp.cluster-0.nfyu7.mongodb.net
mongoose.js :: [[31merror[39m] [2021-05-10 20:12:45] :: Error connecting to the DB
 querySrv ECONNREFUSED _mongodb._tcp.cluster-0.nfyu7.mongodb.net
mongoose.js :: [[31merror[39m] [2021-05-10 20:12:49] :: Error connecting to the DB
 querySrv ECONNREFUSED _mongodb._tcp.cluster-0.nfyu7.mongodb.net
mongoose.js :: [[31merror[39m] [2021-05-10 20:12:54] :: Error connecting to the DB
 querySrv ECONNREFUSED _mongodb._tcp.cluster-0.nfyu7.mongodb.net
mongoose.js :: [[31merror[39m] [2021-05-10 20:12:56] :: Error connecting to the DB
 querySrv ECONNREFUSED _mongodb._tcp.cluster-0.nfyu7.mongodb.net
mongoose.js :: [[31merror[39m] [2021-05-10 20:13:00] :: Error connecting to the DB
 querySrv ECONNREFUSED _mongodb._tcp.cluster-0.nfyu7.mongodb.net
mongoose.js :: [[31merror[39m] [2021-05-10 20:13:10] :: Error connecting to the DB
 querySrv ECONNREFUSED _mongodb._tcp.cluster-0.nfyu7.mongodb.net
mongoose.js :: [[31merror[39m] [2021-05-10 20:13:14] :: Error connecting to the DB
 querySrv ECONNREFUSED _mongodb._tcp.cluster-0.nfyu7.mongodb.net
mongoose.js :: [[31merror[39m] [2021-05-10 20:13:22] :: Error connecting to the DB
 querySrv ECONNREFUSED _mongodb._tcp.cluster-0.nfyu7.mongodb.net
mongoose.js :: [[31merror[39m] [2021-05-10 20:13:25] :: Error connecting to the DB
 querySrv ECONNREFUSED _mongodb._tcp.cluster-0.nfyu7.mongodb.net
mongoose.js :: [[31merror[39m] [2021-05-10 20:13:32] :: Error connecting to the DB
 querySrv ECONNREFUSED _mongodb._tcp.cluster-0.nfyu7.mongodb.net
mongoose.js :: [[31merror[39m] [2021-05-10 20:13:35] :: Error connecting to the DB
 querySrv ECONNREFUSED _mongodb._tcp.cluster-0.nfyu7.mongodb.net
mongoose.js :: [[31merror[39m] [2021-05-10 20:13:39] :: Error connecting to the DB
 querySrv ECONNREFUSED _mongodb._tcp.cluster-0.nfyu7.mongodb.net
mongoose.js :: [[31merror[39m] [2021-05-10 20:13:40] :: Error connecting to the DB
 querySrv ECONNREFUSED _mongodb._tcp.cluster-0.nfyu7.mongodb.net
mongoose.js :: [[31merror[39m] [2021-05-10 20:14:13] :: Error connecting to the DB
 querySrv ECONNREFUSED _mongodb._tcp.cluster-0.nfyu7.mongodb.net
mongoose.js :: [[31merror[39m] [2021-05-10 20:14:44] :: Error connecting to the DB
 querySrv ECONNREFUSED _mongodb._tcp.cluster-0.nfyu7.mongodb.net
mongoose.js :: [[31merror[39m] [2021-05-10 20:16:32] :: Could not connect to any servers in your MongoDB Atlas cluster. One common reason is that you're trying to access the database from an IP that isn't whitelisted. Make sure your current IP address is on your Atlas cluster's IP whitelist: https://docs.atlas.mongodb.com/security-whitelist/
Routes : user.controller.js :: [[31merror[39m] [2021-05-10 20:57:23] :: Error in retrieving a user
Routes : user.controller.js :: [[31merror[39m] [2021-05-10 20:57:23] :: userExists is not defined
Routes : user.controller.js :: [[31merror[39m] [2021-05-10 20:57:47] :: Error in retrieving a user
Routes : user.controller.js :: [[31merror[39m] [2021-05-10 20:57:47] :: userExists is not defined
Routes : user.controller.js :: [[31merror[39m] [2021-05-10 20:58:09] :: Error in retrieving a user
Routes : user.controller.js :: [[31merror[39m] [2021-05-10 20:58:09] :: userExists is not defined
Routes : user.controller.js :: [[31merror[39m] [2021-05-10 20:58:28] :: Error in retrieving a user
Routes : user.controller.js :: [[31merror[39m] [2021-05-10 20:58:28] :: userExists is not defined
